Started GET "/" for 127.0.0.1 at 2018-10-10 16:01:34 +0700
  [1m[35m (0.5ms)[0m  [1m[34mSELECT "schema_migrations"."version" FROM "schema_migrations" ORDER BY "schema_migrations"."version" ASC[0m
  ↳ /home/hvd/.rvm/gems/ruby-2.5.1/gems/activerecord-5.2.1/lib/active_record/log_subscriber.rb:98
Processing by StaticPagesController#home as HTML
  [1m[36mCategory Load (0.4ms)[0m  [1m[34mSELECT "categories".* FROM "categories" WHERE "categories"."parent_id" IS NULL[0m
  ↳ app/controllers/application_controller.rb:10
  [1m[36mCategory Load (0.4ms)[0m  [1m[34mSELECT "categories".* FROM "categories" ORDER BY name[0m
  ↳ lib/controller/product_lib.rb:25
DEPRECATION WARNING: Dangerous query method (method whose arguments are used as raw SQL) called with non-attribute argument(s): "count(order_details.product_id) DESC". Non-attribute arguments will be disallowed in Rails 6.0. This method should not be called with user-provided values, such as request parameters or model attributes. Known-safe values can be passed by wrapping them in Arel.sql(). (called from block in <class:Product> at /mnt/01D4358212FE18D0/FramGia/Com/5Project1/3src/ecommerce_53/app/models/product.rb:19)
  Rendering static_pages/home.html.erb within layouts/application
  [1m[36mProduct Load (0.5ms)[0m  [1m[34mSELECT  "products".* FROM "products" INNER JOIN "order_details" ON "order_details"."product_id" = "products"."id" GROUP BY order_details.product_id ORDER BY count(order_details.product_id) DESC LIMIT ?[0m  [["LIMIT", 12]]
  ↳ app/views/static_pages/home.html.erb:80
  Rendered products/_select_sort.html.erb (1.4ms)
  [1m[36mProduct Load (0.6ms)[0m  [1m[34mSELECT  "products".* FROM "products" ORDER BY created_at desc LIMIT ?[0m  [["LIMIT", 12]]
  ↳ app/views/static_pages/home.html.erb:112
  Rendered static_pages/home.html.erb within layouts/application (1027.2ms)
  [1m[36mCategory Exists (0.6ms)[0m  [1m[34mSELECT  1 AS one FROM "categories" WHERE "categories"."parent_id" = ? LIMIT ?[0m  [["parent_id", 1], ["LIMIT", 1]]
  ↳ app/views/layouts/_header.html.erb:41
  [1m[36mCategory Load (1.2ms)[0m  [1m[34mSELECT "categories".* FROM "categories" WHERE "categories"."parent_id" = ?[0m  [["parent_id", 1]]
  ↳ app/views/layouts/_header.html.erb:42
  [1m[35m (0.8ms)[0m  [1m[34mSELECT COUNT(*) FROM "categories" WHERE "categories"."parent_id" = ?[0m  [["parent_id", 2]]
  ↳ app/views/layouts/_subcategory.html.erb:3
  [1m[36mCategory Exists (1.4ms)[0m  [1m[34mSELECT  1 AS one FROM "categories" WHERE "categories"."parent_id" = ? LIMIT ?[0m  [["parent_id", 2], ["LIMIT", 1]]
  ↳ app/views/layouts/_subcategory.html.erb:6
  [1m[36mCategory Load (0.4ms)[0m  [1m[34mSELECT "categories".* FROM "categories" WHERE "categories"."parent_id" = ?[0m  [["parent_id", 2]]
  ↳ app/views/layouts/_subcategory.html.erb:7
  [1m[35m (0.4ms)[0m  [1m[34mSELECT COUNT(*) FROM "categories" WHERE "categories"."parent_id" = ?[0m  [["parent_id", 4]]
  ↳ app/views/layouts/_subcategory.html.erb:3
  [1m[35m (0.2ms)[0m  [1m[34mSELECT COUNT(*) FROM "categories" WHERE "categories"."parent_id" = ?[0m  [["parent_id", 5]]
  ↳ app/views/layouts/_subcategory.html.erb:3
  [1m[36mCategory Exists (0.2ms)[0m  [1m[34mSELECT  1 AS one FROM "categories" WHERE "categories"."parent_id" = ? LIMIT ?[0m  [["parent_id", 5], ["LIMIT", 1]]
  ↳ app/views/layouts/_subcategory.html.erb:6
  [1m[36mCategory Load (0.2ms)[0m  [1m[34mSELECT "categories".* FROM "categories" WHERE "categories"."parent_id" = ?[0m  [["parent_id", 5]]
  ↳ app/views/layouts/_subcategory.html.erb:7
  [1m[35m (0.2ms)[0m  [1m[34mSELECT COUNT(*) FROM "categories" WHERE "categories"."parent_id" = ?[0m  [["parent_id", 6]]
  ↳ app/views/layouts/_subcategory.html.erb:3
  Rendered layouts/_subcategory.html.erb (1.0ms)
  Rendered layouts/_subcategory.html.erb (6.7ms)
  [1m[35m (0.7ms)[0m  [1m[34mSELECT COUNT(*) FROM "categories" WHERE "categories"."parent_id" = ?[0m  [["parent_id", 3]]
  ↳ app/views/layouts/_subcategory.html.erb:3
  [1m[36mCategory Exists (0.3ms)[0m  [1m[34mSELECT  1 AS one FROM "categories" WHERE "categories"."parent_id" = ? LIMIT ?[0m  [["parent_id", 3], ["LIMIT", 1]]
  ↳ app/views/layouts/_subcategory.html.erb:6
  [1m[36mCategory Load (0.7ms)[0m  [1m[34mSELECT "categories".* FROM "categories" WHERE "categories"."parent_id" = ?[0m  [["parent_id", 3]]
  ↳ app/views/layouts/_subcategory.html.erb:7
  [1m[35m (0.3ms)[0m  [1m[34mSELECT COUNT(*) FROM "categories" WHERE "categories"."parent_id" = ?[0m  [["parent_id", 7]]
  ↳ app/views/layouts/_subcategory.html.erb:3
  [1m[35m (0.3ms)[0m  [1m[34mSELECT COUNT(*) FROM "categories" WHERE "categories"."parent_id" = ?[0m  [["parent_id", 8]]
  ↳ app/views/layouts/_subcategory.html.erb:3
  Rendered layouts/_subcategory.html.erb (2.7ms)
  Rendered layouts/_subcategory.html.erb (29.5ms)
  [1m[36mCategory Exists (0.2ms)[0m  [1m[34mSELECT  1 AS one FROM "categories" WHERE "categories"."parent_id" = ? LIMIT ?[0m  [["parent_id", 9], ["LIMIT", 1]]
  ↳ app/views/layouts/_header.html.erb:41
  Rendered layouts/_header.html.erb (46.5ms)
  Rendered layouts/_footer.html.erb (0.6ms)
Completed 200 OK in 1407ms (Views: 1334.9ms | ActiveRecord: 12.1ms)


